[2016-10-12 14:03:49] START
[2016-10-12 20:39:32] EDIT karateapp/models/db.py: 21
[2016-10-12 20:39:40] EDIT karateapp/models/db.py: -1
[2016-10-12 20:39:49] EDIT karateapp/models/db.py: 0
[2016-10-12 20:43:08] EDIT karateapp/models/db.py: 6
[2016-10-12 20:44:24] EDIT karateapp/models/db.py: 1
[2016-10-12 20:44:58] EDIT karateapp/models/db.py: 0
[2016-10-12 20:45:36] EDIT karateapp/models/db.py: 0
[2016-10-12 20:46:36] EDIT karateapp/models/db.py: 0
[2016-10-12 20:46:43] EDIT karateapp/models/db.py: 0
[2016-10-12 20:47:46] EDIT karateapp/models/menu.py: 0
[2016-10-12 20:48:09] EDIT karateapp/models/menu.py: 0
[2016-10-12 20:54:56] EDIT karateapp/models/menu.py: 1
[2016-10-12 20:55:15] EDIT karateapp/models/menu.py: 0
[2016-10-12 20:56:20] CREATE config.py: 0
[2016-10-12 20:57:13] EDIT karateapp/controllers/config.py: 2
[2016-10-12 20:57:27] CREATE config/index_html.html: 0
[2016-10-12 20:57:49] EDIT karateapp/views/config/index_html.html: 0
[2016-10-12 20:58:03] EDIT karateapp/models/menu.py: 0
[2016-10-12 21:02:03] EDIT karateapp/models/menu.py: 3
[2016-10-12 21:02:57] EDIT karateapp/models/db.py: 1
[2016-10-12 21:04:05] EDIT karateapp/models/db.py: 1
[2016-10-12 21:04:11] EDIT karateapp/models/db.py: 0
[2016-10-12 21:04:34] EDIT karateapp/models/menu.py: 1
[2016-10-12 21:05:32] EDIT karateapp/controllers/config.py: 6
[2016-10-12 21:05:44] CREATE config/category.html: 0
[2016-10-12 21:05:51] CREATE config/dojo.html: 0
[2016-10-12 21:06:00] EDIT karateapp/views/config/dojo.html: 0
[2016-10-12 21:06:28] EDIT karateapp/views/config/category.html: 0
[2016-10-12 21:06:34] EDIT karateapp/views/config/category.html: 0
[2016-10-12 21:06:42] EDIT karateapp/views/config/dojo.html: 0
[2016-10-12 21:07:22] EDIT karateapp/views/config/category.html: 0
[2016-10-12 21:07:29] EDIT karateapp/views/config/dojo.html: 0
[2016-10-12 21:07:42] CREATE config/index.html: 0
[2016-10-12 21:07:56] EDIT karateapp/views/config/index.html: 0
[2016-10-12 21:08:39] EDIT karateapp/models/db.py: 2
[2016-10-12 21:12:17] EDIT karateapp/models/db.py: 5
[2016-10-12 21:15:21] EDIT karateapp/models/db.py: 0
[2016-10-12 21:15:25] EDIT karateapp/models/db.py: 0
[2016-10-12 21:15:41] EDIT karateapp/models/db.py: 0
[2016-10-12 21:15:55] EDIT karateapp/models/db.py: 0
[2016-10-12 21:16:05] EDIT karateapp/models/db.py: 0
[2016-10-12 21:16:20] EDIT karateapp/models/db.py: 0
[2016-10-12 21:18:15] EDIT karateapp/models/db.py: 0
[2016-10-12 21:18:41] EDIT karateapp/models/menu.py: 1
[2016-10-12 21:19:02] EDIT karateapp/models/db.py: 1
[2016-10-12 21:49:24] EDIT karateapp/models/db.py: 0
[2016-10-12 21:49:46] EDIT karateapp/models/db.py: 0
[2016-10-12 21:51:01] EDIT karateapp/models/db.py: 2
[2016-10-12 21:51:29] EDIT karateapp/models/db.py: 0
[2016-10-12 21:54:30] EDIT karateapp/controllers/config.py: 3
[2016-10-12 21:54:39] CREATE config/state.html: 0
[2016-10-12 21:54:53] EDIT karateapp/views/config/state.html: 0
[2016-10-12 21:55:12] EDIT karateapp/models/menu.py: 0
[2016-10-12 21:55:14] EDIT karateapp/models/menu.py: 0
[2016-10-12 21:55:18] EDIT karateapp/controllers/config.py: 0
[2016-10-12 21:59:45] EDIT karateapp/controllers/default.py: 0
[2016-10-12 22:01:05] EDIT karateapp/views/layout.html: 3
[2016-10-12 22:01:10] EDIT karateapp/views/layout.html: 0
[2016-10-12 22:02:08] EDIT karateapp/views/default/index.html: 0
[2016-10-12 22:02:14] EDIT karateapp/views/default/index.html: 0
[2016-10-12 22:02:38] EDIT karateapp/views/default/index.html: 0
[2016-10-12 22:10:55] EDIT karateapp/views/default/index.html: 0
[2016-10-12 22:15:57] EDIT karateapp/views/default/index.html: -6
[2016-10-12 22:16:14] EDIT karateapp/views/default/index.html: 1
[2016-10-12 22:16:28] EDIT karateapp/views/default/index.html: 0
[2016-10-12 22:18:29] EDIT karateapp/views/default/index.html: 0
[2016-10-12 22:20:06] EDIT karateapp/views/default/index.html: 0
[2016-10-12 22:21:47] EDIT karateapp/views/default/index.html: 2
[2016-10-12 22:21:53] EDIT karateapp/views/default/index.html: 0
[2016-10-12 22:24:41] EDIT karateapp/views/default/index.html: 0
[2016-10-12 22:25:01] EDIT karateapp/views/default/index.html: -1
[2016-10-12 22:44:08] EDIT karateapp/controllers/default.py: 9
[2016-10-12 22:44:41] EDIT karateapp/controllers/default.py: 0
[2016-10-12 22:45:13] EDIT karateapp/controllers/default.py: 0
[2016-10-12 22:46:15] EDIT karateapp/controllers/default.py: 0
[2016-10-12 22:46:43] CREATE default/matchs.html: 0
[2016-10-12 22:47:04] EDIT karateapp/views/default/matchs.html: 0
[2016-10-12 22:47:46] EDIT karateapp/views/default/matchs.html: 9
[2016-10-12 22:49:25] EDIT karateapp/views/default/index.html: 0
[2016-10-12 22:51:32] EDIT karateapp/controllers/default.py: 0
[2016-10-12 22:55:08] EDIT karateapp/views/default/matchs.html: 6
[2016-10-12 23:01:16] EDIT karateapp/views/default/index.html: 0
[2016-10-12 23:02:13] EDIT karateapp/views/default/matchs.html: 0
[2016-10-12 23:03:51] EDIT karateapp/views/default/matchs.html: 0
[2016-10-12 23:04:17] CREATE dashboard.py: 0
[2016-10-12 23:04:34] CREATE dashboard/index.html: 0
[2016-10-12 23:09:50] EDIT karateapp/views/dashboard/index.html: 3
[2016-10-12 23:09:56] EDIT karateapp/views/dashboard/index.html: -1
[2016-10-12 23:11:51] EDIT karateapp/views/dashboard/index.html: 2
[2016-10-12 23:12:51] EDIT karateapp/views/dashboard/index.html: 0
[2016-10-12 23:14:13] EDIT karateapp/views/dashboard/index.html: 1
[2016-10-12 23:14:14] EDIT karateapp/views/dashboard/index.html: 0
[2016-10-12 23:15:27] EDIT karateapp/views/dashboard/index.html: 4
[2016-10-12 23:16:33] EDIT karateapp/views/dashboard/index.html: 5
[2016-10-12 23:20:09] EDIT karateapp/views/dashboard/index.html: 7
[2016-10-12 23:20:57] EDIT karateapp/views/dashboard/index.html: 0
[2016-10-12 23:21:22] EDIT karateapp/views/dashboard/index.html: 0
[2016-10-12 23:21:50] EDIT karateapp/views/dashboard/index.html: 0
[2016-10-12 23:22:05] EDIT karateapp/views/dashboard/index.html: 0
[2016-10-12 23:22:14] EDIT karateapp/views/dashboard/index.html: 0
[2016-10-12 23:23:19] EDIT karateapp/views/dashboard/index.html: 1
[2016-10-12 23:27:36] EDIT karateapp/views/dashboard/index.html: 2
[2016-10-12 23:31:38] EDIT karateapp/views/dashboard/index.html: 13
[2016-10-12 23:34:44] EDIT karateapp/views/dashboard/index.html: 14
[2016-10-12 23:36:08] EDIT karateapp/views/dashboard/index.html: 0
[2016-10-12 23:36:09] EDIT karateapp/views/dashboard/index.html: 0
[2016-10-12 23:53:01] EDIT karateapp/views/dashboard/index.html: 11
[2016-10-12 23:53:18] EDIT karateapp/views/dashboard/index.html: 6
[2016-10-12 23:55:28] EDIT karateapp/views/dashboard/index.html: 0
[2016-10-12 23:55:59] EDIT karateapp/views/dashboard/index.html: 0
[2016-10-12 23:56:15] EDIT karateapp/views/dashboard/index.html: 0
[2016-10-13 00:11:56] EDIT karateapp/views/dashboard/index.html: -3
[2016-10-13 00:13:47] EDIT karateapp/views/dashboard/index.html: 0
[2016-10-13 00:14:25] EDIT karateapp/views/dashboard/index.html: 1
[2016-10-13 00:19:13] EDIT karateapp/views/dashboard/index.html: 4
[2016-10-13 00:19:57] EDIT karateapp/views/dashboard/index.html: 0
[2016-10-13 00:20:35] EDIT karateapp/views/dashboard/index.html: 0
[2016-10-14 07:25:51] EDIT karateapp/views/dashboard/index.html: 2
[2016-10-16 22:50:20] EDIT karateapp/views/dashboard/index.html: 19
[2016-10-16 22:55:08] EDIT karateapp/views/dashboard/index.html: 0
[2016-10-16 22:55:19] EDIT karateapp/views/dashboard/index.html: 0
[2016-10-16 22:57:13] EDIT karateapp/views/dashboard/index.html: 0
[2016-10-16 22:58:07] EDIT karateapp/views/dashboard/index.html: 0
[2016-10-16 22:58:18] EDIT karateapp/views/dashboard/index.html: 0
[2016-10-16 23:05:12] EDIT karateapp/views/dashboard/index.html: 5
[2016-10-16 23:07:50] EDIT karateapp/views/dashboard/index.html: 3
[2016-10-16 23:15:37] EDIT karateapp/views/dashboard/index.html: 9
[2016-10-16 23:15:51] EDIT karateapp/views/dashboard/index.html: 1
[2016-10-16 23:16:00] EDIT karateapp/views/dashboard/index.html: 0
[2016-10-16 23:16:18] EDIT karateapp/views/dashboard/index.html: 0
[2016-10-16 23:16:38] EDIT karateapp/views/dashboard/index.html: 0
[2016-10-16 23:16:52] EDIT karateapp/views/dashboard/index.html: 0
[2016-10-16 23:17:11] EDIT karateapp/views/dashboard/index.html: 0
[2016-10-16 23:17:46] EDIT karateapp/views/dashboard/index.html: 0
[2016-10-16 23:17:55] EDIT karateapp/views/dashboard/index.html: 0
[2016-10-16 23:18:21] EDIT karateapp/views/dashboard/index.html: 0
[2016-10-16 23:22:45] EDIT karateapp/views/dashboard/index.html: 2
[2016-10-19 23:43:32] EDIT karateapp/controllers/default.py: 9
[2016-10-19 23:44:11] CREATE default/users.html: 0
[2016-10-19 23:44:27] EDIT karateapp/views/default/users.html: 0
[2016-10-19 23:44:40] EDIT karateapp/views/default/users.html: 0
[2016-10-19 23:45:17] EDIT karateapp/controllers/default.py: 0
[2016-10-20 00:08:54] CREATE config/users.html: 0
[2016-10-20 00:09:23] EDIT karateapp/views/config/users.html: 0
[2016-10-21 10:54:34] EDIT karateapp/views/dashboard/index.html: 0
[2016-10-21 10:55:30] EDIT karateapp/views/dashboard/index.html: 0
[2016-10-21 11:03:36] EDIT karateapp/models/db.py: 1
[2016-10-21 11:03:42] EDIT karateapp/models/db.py: 0
[2016-10-21 11:07:35] CREATE athlete.py: 0
[2016-10-21 11:08:06] EDIT karateapp/controllers/athlete.py: 2
[2016-10-21 11:08:16] CREATE athlete/index.py: 0
[2016-10-21 11:08:29] CREATE athlete/index.html: 0
[2016-10-21 11:08:55] EDIT karateapp/views/athlete/index.html: 0
[2016-10-21 11:09:52] EDIT karateapp/controllers/athlete.py: 1
[2016-10-21 11:10:06] EDIT karateapp/controllers/athlete.py: 0
[2016-10-21 11:10:37] EDIT karateapp/controllers/athlete.py: 0
[2016-10-21 11:15:08] EDIT karateapp/controllers/athlete.py: 1
[2016-10-21 11:15:22] EDIT karateapp/controllers/athlete.py: 0
[2016-10-21 11:15:36] EDIT karateapp/controllers/athlete.py: 0
[2016-10-21 11:15:57] EDIT karateapp/controllers/athlete.py: 0
